<?xml version="1.0" encoding="UTF-8"?>
<!-- Generated by org.testng.reporters.JUnitReportReporter -->
<testsuite skipped="0" hostname="DESKTOP-7KDJC88" name="Framework.MavenJava.AppiumTest" tests="2" failures="0" timestamp="2021-09-05T13:35:07 IST" time="0.004" errors="0">
  <testcase name="ios" time="0.004" classname="Framework.MavenJava.AppiumTest"/>
  <system-out/>
  <testcase name="Android" time="0.000" classname="Framework.MavenJava.AppiumTest"/>
  <system-out/>
</testsuite> <!-- Framework.MavenJava.AppiumTest -->
