<?xml version="1.0" encoding="UTF-8"?>
<!-- Generated by org.testng.reporters.JUnitReportReporter -->
<testsuite skipped="0" hostname="DESKTOP-7KDJC88" name="Framework.MavenJava.RestAPITest" tests="2" failures="0" timestamp="2021-09-05T13:35:07 IST" time="0.001" errors="0">
  <testcase name="deleteTwitter" time="0.001" classname="Framework.MavenJava.RestAPITest"/>
  <system-out/>
  <testcase name="postJira" time="0.000" classname="Framework.MavenJava.RestAPITest"/>
  <system-out/>
</testsuite> <!-- Framework.MavenJava.RestAPITest -->
