<?xml version="1.0" encoding="UTF-8"?>
<!-- Generated by org.testng.reporters.JUnitReportReporter -->
<testsuite skipped="0" hostname="DESKTOP-7KDJC88" name="Framework.MavenJava.SeleniumTest" tests="2" failures="0" timestamp="2021-09-05T13:35:07 IST" time="0.005" errors="0">
  <testcase name="InvokeDriver" time="0.005" classname="Framework.MavenJava.SeleniumTest"/>
  <system-out/>
  <testcase name="Webpage" time="0.000" classname="Framework.MavenJava.SeleniumTest"/>
  <system-out/>
</testsuite> <!-- Framework.MavenJava.SeleniumTest -->
